TN:
SF:/home/drew/sync/drawnepicenter/toloko/src/themes.js
FN:29,(anonymous_0)
FN:48,(anonymous_1)
FN:60,(anonymous_2)
FN:76,(anonymous_3)
FNF:4
FNH:4
FNDA:16,(anonymous_0)
FNDA:2,(anonymous_1)
FNDA:6,(anonymous_2)
FNDA:204,(anonymous_3)
DA:2,16
DA:3,16
DA:4,16
DA:5,16
DA:6,16
DA:8,16
DA:9,16
DA:10,16
DA:11,16
DA:12,16
DA:14,0
DA:16,16
DA:29,16
DA:30,16
DA:31,16
DA:32,16
DA:33,16
DA:34,16
DA:36,0
DA:38,16
DA:39,16
DA:40,16
DA:48,16
DA:49,2
DA:50,2
DA:51,2
DA:52,2
DA:53,2
DA:54,2
DA:56,0
DA:58,2
DA:59,2
DA:60,2
DA:61,6
DA:62,6
DA:64,2
DA:76,16
DA:77,204
DA:78,204
DA:79,204
DA:80,204
DA:81,204
DA:82,204
DA:83,204
DA:84,89
DA:85,115
DA:86,114
DA:87,1
DA:88,203
DA:89,203
LF:50
LH:47
BRDA:14,0,0,0
BRDA:14,0,1,0
BRDA:16,1,0,16
BRDA:16,1,1,0
BRDA:36,2,0,0
BRDA:36,2,1,0
BRDA:38,3,0,0
BRDA:38,3,1,16
BRDA:56,4,0,0
BRDA:56,4,1,0
BRDA:58,5,0,0
BRDA:58,5,1,2
BRDA:83,6,0,89
BRDA:83,6,1,115
BRDA:84,7,0,87
BRDA:84,7,1,2
BRDA:84,8,0,89
BRDA:84,8,1,89
BRDA:85,9,0,114
BRDA:85,9,1,1
BRDA:86,10,0,105
BRDA:86,10,1,9
BRDA:86,11,0,114
BRDA:86,11,1,114
BRF:24
BRH:15
end_of_record
TN:
SF:/home/drew/sync/drawnepicenter/toloko/src/toloko.js
FNF:0
FNH:0
DA:3,15
DA:4,15
DA:5,15
DA:12,15
DA:13,15
LF:5
LH:5
BRF:0
BRH:0
end_of_record
TN:
SF:/home/drew/sync/drawnepicenter/toloko/src/tools.js
FN:20,checkOutfile
FN:37,(anonymous_1)
FN:49,(anonymous_2)
FN:60,(anonymous_3)
FN:75,(anonymous_4)
FN:87,(anonymous_5)
FN:96,(anonymous_6)
FN:108,(anonymous_7)
FNF:8
FNH:5
FNDA:9,checkOutfile
FNDA:3,(anonymous_1)
FNDA:0,(anonymous_2)
FNDA:11,(anonymous_3)
FNDA:2,(anonymous_4)
FNDA:0,(anonymous_5)
FNDA:0,(anonymous_6)
FNDA:10,(anonymous_7)
DA:2,12
DA:3,12
DA:4,12
DA:5,12
DA:6,12
DA:7,12
DA:21,9
DA:22,9
DA:23,9
DA:24,2
DA:26,7
DA:28,9
DA:37,12
DA:38,3
DA:39,3
DA:40,3
DA:41,3
DA:49,12
DA:50,0
DA:51,0
DA:52,0
DA:60,12
DA:61,11
DA:62,11
DA:64,1
DA:66,10
DA:75,12
DA:76,2
DA:77,2
DA:78,2
DA:87,12
DA:96,12
DA:97,0
DA:98,0
DA:108,12
DA:109,10
DA:110,10
DA:111,10
DA:112,10
DA:113,2
DA:114,1
DA:115,0
DA:116,0
DA:117,0
DA:118,0
DA:119,0
DA:120,1
DA:122,1
DA:123,1
DA:124,1
DA:125,1
DA:126,1
DA:128,8
DA:129,7
DA:130,1
DA:131,0
DA:132,0
DA:133,1
DA:135,6
DA:136,6
DA:138,1
LF:61
LH:49
BRDA:26,0,0,7
BRDA:26,0,1,0
BRDA:39,1,0,1
BRDA:39,1,1,2
BRDA:40,2,0,2
BRDA:40,2,1,1
BRDA:51,3,0,0
BRDA:51,3,1,0
BRDA:64,4,0,1
BRDA:64,4,1,0
BRDA:77,5,0,1
BRDA:77,5,1,1
BRDA:77,6,0,2
BRDA:77,6,1,1
BRDA:77,6,2,1
BRDA:112,7,0,2
BRDA:112,7,1,8
BRDA:113,8,0,1
BRDA:113,8,1,1
BRDA:114,9,0,0
BRDA:114,9,1,1
BRDA:128,10,0,7
BRDA:128,10,1,1
BRDA:128,11,0,8
BRDA:128,11,1,8
BRDA:128,11,2,1
BRDA:128,11,3,1
BRDA:128,11,4,1
BRDA:128,11,5,1
BRDA:129,12,0,1
BRDA:129,12,1,6
BRDA:130,13,0,0
BRDA:130,13,1,1
BRDA:138,14,0,1
BRDA:138,14,1,0
BRDA:138,15,0,1
BRDA:138,15,1,0
BRDA:138,15,2,0
BRDA:138,15,3,0
BRDA:138,15,4,0
BRDA:138,15,5,0
BRDA:138,15,6,0
BRF:42
BRH:29
end_of_record
TN:
SF:/home/drew/sync/drawnepicenter/toloko/src/cmds/comp.js
FN:6,(anonymous_0)
FNF:1
FNH:1
FNDA:1,(anonymous_0)
DA:2,15
DA:3,15
DA:4,15
DA:5,15
DA:6,15
DA:7,1
LF:6
LH:6
BRF:0
BRH:0
end_of_record
TN:
SF:/home/drew/sync/drawnepicenter/toloko/src/cmds/config.js
FN:4,(anonymous_0)
FN:5,(anonymous_1)
FNF:2
FNH:2
FNDA:4,(anonymous_0)
FNDA:4,(anonymous_1)
DA:2,15
DA:3,15
DA:4,15
DA:5,15
LF:4
LH:4
BRF:0
BRH:0
end_of_record
TN:
SF:/home/drew/sync/drawnepicenter/toloko/src/cmds/gl.js
FN:4,(anonymous_0)
FN:5,(anonymous_1)
FNF:2
FNH:2
FNDA:2,(anonymous_0)
FNDA:2,(anonymous_1)
DA:2,15
DA:3,15
DA:4,15
DA:5,15
LF:4
LH:4
BRF:0
BRH:0
end_of_record
TN:
SF:/home/drew/sync/drawnepicenter/toloko/src/cmds/ha.js
FN:4,(anonymous_0)
FN:5,(anonymous_1)
FNF:2
FNH:2
FNDA:2,(anonymous_0)
FNDA:2,(anonymous_1)
DA:2,15
DA:3,15
DA:4,15
DA:5,15
LF:4
LH:4
BRF:0
BRH:0
end_of_record
TN:
SF:/home/drew/sync/drawnepicenter/toloko/src/cmds/ls.js
FN:11,(anonymous_0)
FN:13,(anonymous_1)
FNF:2
FNH:2
FNDA:1,(anonymous_0)
FNDA:3,(anonymous_1)
DA:2,15
DA:4,15
DA:6,15
DA:8,15
DA:9,15
DA:10,15
DA:11,15
DA:12,1
DA:13,1
DA:14,3
DA:15,3
DA:16,3
LF:12
LH:12
BRF:0
BRH:0
end_of_record
TN:
SF:/home/drew/sync/drawnepicenter/toloko/src/cmds/yx.js
FN:4,(anonymous_0)
FN:5,(anonymous_1)
FNF:2
FNH:2
FNDA:3,(anonymous_0)
FNDA:3,(anonymous_1)
DA:2,15
DA:3,15
DA:4,15
DA:5,15
LF:4
LH:4
BRF:0
BRH:0
end_of_record
TN:
SF:/home/drew/sync/drawnepicenter/toloko/src/cmds/config/get.js
FN:13,(anonymous_0)
FNF:1
FNH:1
FNDA:1,(anonymous_0)
DA:1,4
DA:2,4
DA:4,4
DA:5,4
DA:6,4
DA:8,4
DA:10,4
DA:11,4
DA:12,4
DA:13,4
DA:14,1
DA:15,1
DA:16,1
DA:17,1
DA:18,1
DA:19,1
DA:20,1
DA:21,1
DA:23,0
DA:25,1
LF:20
LH:19
BRDA:19,0,0,1
BRDA:19,0,1,0
BRDA:20,1,0,1
BRDA:20,1,1,0
BRDA:21,2,0,1
BRDA:21,2,1,0
BRF:6
BRH:3
end_of_record
TN:
SF:/home/drew/sync/drawnepicenter/toloko/src/cmds/config/init.js
FN:20,(anonymous_0)
FNF:1
FNH:1
FNDA:2,(anonymous_0)
DA:1,4
DA:3,4
DA:4,4
DA:5,4
DA:7,4
DA:8,4
DA:10,4
DA:11,4
DA:12,4
DA:20,4
DA:21,2
DA:22,2
DA:23,2
DA:24,2
DA:25,2
DA:26,2
DA:28,0
DA:30,2
DA:31,2
DA:33,0
DA:34,0
DA:35,0
DA:37,0
DA:38,0
DA:41,0
DA:42,0
DA:44,0
DA:47,2
DA:48,2
DA:49,2
DA:50,1
DA:52,1
DA:53,1
DA:56,2
DA:57,1
DA:58,1
DA:59,1
DA:61,0
DA:63,1
DA:64,1
DA:65,1
DA:67,2
DA:68,2
DA:69,2
DA:70,1
DA:71,1
DA:72,1
DA:79,1
LF:48
LH:38
BRDA:28,0,0,0
BRDA:28,0,1,0
BRDA:30,1,0,2
BRDA:30,1,1,0
BRDA:37,2,0,0
BRDA:37,2,1,0
BRDA:41,3,0,0
BRDA:41,3,1,0
BRDA:52,4,0,1
BRDA:52,4,1,0
BRDA:56,5,0,1
BRDA:56,5,1,1
BRDA:57,6,0,1
BRDA:57,6,1,0
BRDA:63,7,0,1
BRDA:63,7,1,0
BRDA:69,8,0,1
BRDA:69,8,1,1
BRF:18
BRH:8
end_of_record
TN:
SF:/home/drew/sync/drawnepicenter/toloko/src/cmds/config/set.js
FN:13,(anonymous_0)
FNF:1
FNH:1
FNDA:1,(anonymous_0)
DA:1,4
DA:2,4
DA:4,4
DA:5,4
DA:6,4
DA:8,4
DA:10,4
DA:11,4
DA:12,4
DA:13,4
DA:14,1
DA:15,1
DA:16,1
DA:17,1
DA:18,1
DA:19,1
DA:20,1
DA:21,1
DA:22,1
DA:23,1
DA:24,0
DA:26,1
DA:29,0
DA:32,0
DA:34,1
DA:35,1
LF:26
LH:23
BRDA:20,0,0,1
BRDA:20,0,1,0
BRDA:21,1,0,1
BRDA:21,1,1,0
BRDA:22,2,0,1
BRDA:22,2,1,0
BRDA:23,3,0,0
BRDA:23,3,1,1
BRF:8
BRH:4
end_of_record
TN:
SF:/home/drew/sync/drawnepicenter/toloko/src/cmds/glosbe/ex.js
FN:59,(anonymous_0)
FN:77,(anonymous_1)
FN:102,(anonymous_2)
FN:110,(anonymous_3)
FNF:4
FNH:4
FNDA:1,(anonymous_0)
FNDA:2,(anonymous_1)
FNDA:1,(anonymous_2)
FNDA:1,(anonymous_3)
DA:2,2
DA:3,2
DA:5,2
DA:6,2
DA:7,2
DA:8,2
DA:9,2
DA:11,2
DA:13,2
DA:14,2
DA:15,2
DA:59,2
DA:60,1
DA:61,1
DA:62,1
DA:68,1
DA:69,1
DA:70,1
DA:71,1
DA:72,1
DA:73,1
DA:74,1
DA:75,1
DA:76,1
DA:77,1
DA:78,2
DA:81,1
DA:82,1
DA:83,0
DA:85,1
DA:87,1
DA:88,1
DA:89,1
DA:90,1
DA:91,1
DA:92,1
DA:93,1
DA:94,1
DA:95,1
DA:96,1
DA:97,1
DA:102,1
DA:103,1
DA:105,1
DA:106,1
DA:107,1
DA:108,1
DA:109,1
DA:110,1
DA:111,1
DA:112,1
DA:113,1
DA:114,1
DA:115,1
DA:118,1
DA:120,0
LF:56
LH:54
BRDA:68,0,0,1
BRDA:68,0,1,0
BRDA:69,1,0,0
BRDA:69,1,1,1
BRDA:69,2,0,1
BRDA:69,2,1,0
BRDA:70,3,0,0
BRDA:70,3,1,1
BRDA:70,4,0,1
BRDA:70,4,1,0
BRDA:72,5,0,1
BRDA:72,5,1,0
BRDA:76,6,0,1
BRDA:76,6,1,0
BRDA:78,7,0,0
BRDA:78,7,1,2
BRDA:78,8,0,2
BRDA:78,8,1,1
BRDA:82,9,0,0
BRDA:82,9,1,1
BRDA:103,10,0,1
BRDA:103,10,1,0
BRDA:103,11,0,1
BRDA:103,11,1,1
BRDA:106,12,0,1
BRDA:106,12,1,0
BRDA:118,13,0,1
BRDA:118,13,1,0
BRF:28
BRH:16
end_of_record
TN:
SF:/home/drew/sync/drawnepicenter/toloko/src/cmds/glosbe/tr.js
FN:13,labelWord
FN:58,(anonymous_1)
FN:75,(anonymous_2)
FN:98,(anonymous_3)
FNF:4
FNH:4
FNDA:50,labelWord
FNDA:1,(anonymous_1)
FNDA:2,(anonymous_2)
FNDA:1,(anonymous_3)
DA:2,2
DA:3,2
DA:5,2
DA:6,2
DA:7,2
DA:8,2
DA:9,2
DA:11,2
DA:14,50
DA:15,50
DA:18,2
DA:19,2
DA:20,2
DA:58,2
DA:59,1
DA:60,1
DA:61,1
DA:66,1
DA:67,1
DA:68,1
DA:69,1
DA:70,1
DA:71,1
DA:72,1
DA:73,1
DA:74,1
DA:75,1
DA:76,2
DA:79,1
DA:80,1
DA:81,0
DA:83,1
DA:85,1
DA:86,1
DA:87,1
DA:88,1
DA:89,1
DA:90,1
DA:91,1
DA:92,1
DA:93,1
DA:98,1
DA:99,1
DA:100,1
DA:101,1
DA:102,1
DA:103,1
DA:104,1
DA:105,1
DA:106,1
DA:107,1
DA:108,1
DA:109,1
DA:110,1
DA:111,36
DA:112,19
DA:113,19
DA:115,36
DA:116,25
DA:117,31
DA:118,31
DA:122,1
DA:123,0
DA:124,0
DA:125,0
DA:126,0
DA:127,0
DA:128,0
DA:129,0
DA:130,0
DA:131,0
DA:132,0
DA:133,0
DA:136,1
DA:139,0
LF:75
LH:62
BRDA:14,0,0,50
BRDA:14,0,1,0
BRDA:15,1,0,50
BRDA:15,1,1,0
BRDA:66,2,0,1
BRDA:66,2,1,0
BRDA:67,3,0,0
BRDA:67,3,1,1
BRDA:67,4,0,1
BRDA:67,4,1,0
BRDA:68,5,0,0
BRDA:68,5,1,1
BRDA:68,6,0,1
BRDA:68,6,1,0
BRDA:70,7,0,1
BRDA:70,7,1,0
BRDA:74,8,0,1
BRDA:74,8,1,0
BRDA:76,9,0,0
BRDA:76,9,1,2
BRDA:76,10,0,2
BRDA:76,10,1,1
BRDA:80,11,0,0
BRDA:80,11,1,1
BRDA:99,12,0,1
BRDA:99,12,1,0
BRDA:99,13,0,1
BRDA:99,13,1,1
BRDA:101,14,0,1
BRDA:101,14,1,0
BRDA:111,15,0,19
BRDA:111,15,1,17
BRDA:115,16,0,25
BRDA:115,16,1,11
BRDA:122,17,0,0
BRDA:122,17,1,1
BRDA:136,18,0,1
BRDA:136,18,1,0
BRF:38
BRH:23
end_of_record
TN:
SF:/home/drew/sync/drawnepicenter/toloko/src/cmds/hablaa/ls.js
FN:16,(anonymous_0)
FN:23,(anonymous_1)
FNF:2
FNH:2
FNDA:1,(anonymous_0)
FNDA:1,(anonymous_1)
DA:2,2
DA:3,2
DA:5,2
DA:6,2
DA:7,2
DA:8,2
DA:9,2
DA:11,2
DA:13,2
DA:14,2
DA:15,2
DA:16,2
DA:17,1
DA:18,1
DA:19,1
DA:20,1
DA:21,1
DA:22,1
DA:23,1
DA:24,1
DA:25,1
DA:26,1
DA:27,73
DA:28,1
DA:30,72
DA:34,0
DA:35,0
LF:27
LH:25
BRDA:20,0,0,1
BRDA:20,0,1,0
BRDA:24,1,0,1
BRDA:24,1,1,0
BRDA:24,2,0,1
BRDA:24,2,1,1
BRDA:27,3,0,1
BRDA:27,3,1,72
BRF:8
BRH:6
end_of_record
TN:
SF:/home/drew/sync/drawnepicenter/toloko/src/cmds/hablaa/tr.js
FN:47,(anonymous_0)
FN:63,(anonymous_1)
FN:80,(anonymous_2)
FNF:3
FNH:3
FNDA:1,(anonymous_0)
FNDA:2,(anonymous_1)
FNDA:1,(anonymous_2)
DA:2,2
DA:3,2
DA:5,2
DA:6,2
DA:7,2
DA:8,2
DA:9,2
DA:11,2
DA:13,2
DA:14,2
DA:15,2
DA:47,2
DA:48,1
DA:49,1
DA:50,1
DA:54,1
DA:55,1
DA:56,1
DA:57,1
DA:58,1
DA:59,1
DA:60,1
DA:61,1
DA:62,1
DA:63,1
DA:64,2
DA:67,1
DA:68,1
DA:69,0
DA:71,1
DA:73,1
DA:74,1
DA:75,1
DA:80,1
DA:81,1
DA:82,1
DA:83,1
DA:84,3
DA:85,3
DA:86,3
DA:87,0
DA:88,0
DA:89,0
DA:91,3
DA:92,0
DA:93,0
DA:94,0
DA:95,0
DA:96,0
DA:99,3
DA:101,1
DA:103,0
DA:104,0
LF:53
LH:42
BRDA:54,0,0,1
BRDA:54,0,1,0
BRDA:55,1,0,0
BRDA:55,1,1,1
BRDA:55,2,0,1
BRDA:55,2,1,0
BRDA:56,3,0,0
BRDA:56,3,1,1
BRDA:56,4,0,1
BRDA:56,4,1,0
BRDA:58,5,0,1
BRDA:58,5,1,0
BRDA:62,6,0,1
BRDA:62,6,1,0
BRDA:64,7,0,0
BRDA:64,7,1,2
BRDA:64,8,0,2
BRDA:64,8,1,1
BRDA:68,9,0,0
BRDA:68,9,1,1
BRDA:81,10,0,1
BRDA:81,10,1,0
BRDA:81,11,0,1
BRDA:81,11,1,1
BRDA:86,12,0,0
BRDA:86,12,1,3
BRDA:86,13,0,3
BRDA:86,13,1,0
BRDA:91,14,0,0
BRDA:91,14,1,3
BRDA:101,15,0,1
BRDA:101,15,1,0
BRF:32
BRH:18
end_of_record
TN:
SF:/home/drew/sync/drawnepicenter/toloko/src/cmds/yandex/dt.js
FN:23,(anonymous_0)
FN:37,(anonymous_1)
FNF:2
FNH:2
FNDA:1,(anonymous_0)
FNDA:1,(anonymous_1)
DA:2,3
DA:3,3
DA:5,3
DA:6,3
DA:7,3
DA:8,3
DA:9,3
DA:11,3
DA:13,3
DA:14,3
DA:15,3
DA:23,3
DA:24,1
DA:25,1
DA:26,1
DA:27,1
DA:28,1
DA:29,1
DA:30,1
DA:31,1
DA:32,1
DA:33,1
DA:35,1
DA:36,1
DA:37,1
DA:38,1
DA:39,1
DA:40,1
DA:42,0
DA:43,0
LF:30
LH:28
BRDA:27,0,0,1
BRDA:27,0,1,0
BRDA:32,1,0,1
BRDA:32,1,1,0
BRDA:38,2,0,1
BRDA:38,2,1,0
BRDA:38,3,0,1
BRDA:38,3,1,1
BRF:8
BRH:5
end_of_record
TN:
SF:/home/drew/sync/drawnepicenter/toloko/src/cmds/yandex/ls.js
FN:23,(anonymous_0)
FN:36,(anonymous_1)
FNF:2
FNH:2
FNDA:1,(anonymous_0)
FNDA:1,(anonymous_1)
DA:2,3
DA:3,3
DA:5,3
DA:6,3
DA:7,3
DA:8,3
DA:9,3
DA:11,3
DA:13,3
DA:14,3
DA:15,3
DA:23,3
DA:24,1
DA:25,1
DA:26,1
DA:27,1
DA:28,1
DA:29,1
DA:30,1
DA:31,1
DA:32,1
DA:34,1
DA:35,1
DA:36,1
DA:37,1
DA:38,1
DA:39,1
DA:40,1
DA:41,160
DA:44,0
DA:45,0
LF:31
LH:29
BRDA:27,0,0,1
BRDA:27,0,1,0
BRDA:31,1,0,1
BRDA:31,1,1,0
BRDA:37,2,0,1
BRDA:37,2,1,0
BRDA:37,3,0,1
BRDA:37,3,1,1
BRF:8
BRH:5
end_of_record
TN:
SF:/home/drew/sync/drawnepicenter/toloko/src/cmds/yandex/tr.js
FN:41,(anonymous_0)
FN:56,(anonymous_1)
FN:78,(anonymous_2)
FNF:3
FNH:3
FNDA:1,(anonymous_0)
FNDA:2,(anonymous_1)
FNDA:1,(anonymous_2)
DA:2,3
DA:3,3
DA:5,3
DA:6,3
DA:7,3
DA:8,3
DA:9,3
DA:11,3
DA:13,3
DA:14,3
DA:15,3
DA:41,3
DA:42,1
DA:43,1
DA:44,1
DA:47,1
DA:48,1
DA:49,1
DA:50,1
DA:51,1
DA:52,1
DA:53,1
DA:54,1
DA:55,1
DA:56,1
DA:57,2
DA:60,1
DA:61,1
DA:62,0
DA:64,1
DA:66,1
DA:67,1
DA:68,1
DA:69,1
DA:70,1
DA:71,1
DA:72,1
DA:73,1
DA:78,1
DA:79,1
DA:80,1
DA:81,1
DA:82,1
DA:83,1
DA:84,1
DA:85,1
DA:87,1
DA:89,0
LF:48
LH:46
BRDA:47,0,0,1
BRDA:47,0,1,0
BRDA:48,1,0,0
BRDA:48,1,1,1
BRDA:48,2,0,1
BRDA:48,2,1,0
BRDA:49,3,0,0
BRDA:49,3,1,1
BRDA:49,4,0,1
BRDA:49,4,1,0
BRDA:55,5,0,1
BRDA:55,5,1,0
BRDA:57,6,0,0
BRDA:57,6,1,2
BRDA:57,7,0,2
BRDA:57,7,1,1
BRDA:61,8,0,0
BRDA:61,8,1,1
BRDA:79,9,0,1
BRDA:79,9,1,0
BRDA:79,10,0,1
BRDA:79,10,1,1
BRDA:87,11,0,1
BRDA:87,11,1,0
BRF:24
BRH:14
end_of_record
